Started GET "/" for 127.0.0.1 at 2017-09-13 18:40:05 +0300
Processing by Rails::WelcomeController#index as HTML
  Rendering /var/lib/gems/2.3.0/gems/railties-5.1.4/lib/rails/templates/rails/welcome/index.html.erb
  Rendered /var/lib/gems/2.3.0/gems/railties-5.1.4/lib/rails/templates/rails/welcome/index.html.erb (6.9ms)
Completed 200 OK in 125ms (Views: 12.4ms)


Started GET "/tests" for 127.0.0.1 at 2017-09-13 18:53:01 +0300
  
ActionController::RoutingError (uninitialized constant TestsController):
  
activesupport (5.1.4) lib/active_support/inflector/methods.rb:269:in `const_get'
activesupport (5.1.4) lib/active_support/inflector/methods.rb:269:in `block in constantize'
activesupport (5.1.4) lib/active_support/inflector/methods.rb:267:in `each'
activesupport (5.1.4) lib/active_support/inflector/methods.rb:267:in `inject'
activesupport (5.1.4) lib/active_support/inflector/methods.rb:267:in `constantize'
actionpack (5.1.4) lib/action_dispatch/http/request.rb:85:in `controller_class_for'
actionpack (5.1.4) lib/action_dispatch/http/request.rb:78:in `controller_class'
actionpack (5.1.4) lib/action_dispatch/routing/route_set.rb:43:in `controller'
actionpack (5.1.4) lib/action_dispatch/routing/route_set.rb:29:in `serve'
actionpack (5.1.4) lib/action_dispatch/journey/router.rb:50:in `block in serve'
actionpack (5.1.4) lib/action_dispatch/journey/router.rb:33:in `each'
actionpack (5.1.4) lib/action_dispatch/journey/router.rb:33:in `serve'
actionpack (5.1.4) lib/action_dispatch/routing/route_set.rb:834:in `call'
rack (2.0.3) lib/rack/etag.rb:25:in `call'
rack (2.0.3) lib/rack/conditional_get.rb:25:in `call'
rack (2.0.3) lib/rack/head.rb:12:in `call'
rack (2.0.3) lib/rack/session/abstract/id.rb:232:in `context'
rack (2.0.3) lib/rack/session/abstract/id.rb:226:in `call'
actionpack (5.1.4) lib/action_dispatch/middleware/cookies.rb:613:in `call'
activerecord (5.1.4) lib/active_record/migration.rb:556:in `call'
actionpack (5.1.4) lib/action_dispatch/middleware/callbacks.rb:26:in `block in call'
activesupport (5.1.4) lib/active_support/callbacks.rb:97:in `run_callbacks'
actionpack (5.1.4) lib/action_dispatch/middleware/callbacks.rb:24:in `call'
actionpack (5.1.4) lib/action_dispatch/middleware/executor.rb:12:in `call'
actionpack (5.1.4) lib/action_dispatch/middleware/debug_exceptions.rb:59:in `call'
web-console (3.5.1) lib/web_console/middleware.rb:135:in `call_app'
web-console (3.5.1) lib/web_console/middleware.rb:28:in `block in call'
web-console (3.5.1) lib/web_console/middleware.rb:18:in `catch'
web-console (3.5.1) lib/web_console/middleware.rb:18:in `call'
actionpack (5.1.4) lib/action_dispatch/middleware/show_exceptions.rb:31:in `call'
railties (5.1.4) lib/rails/rack/logger.rb:36:in `call_app'
railties (5.1.4) lib/rails/rack/logger.rb:24:in `block in call'
activesupport (5.1.4) lib/active_support/tagged_logging.rb:69:in `block in tagged'
activesupport (5.1.4) lib/active_support/tagged_logging.rb:26:in `tagged'
activesupport (5.1.4) lib/active_support/tagged_logging.rb:69:in `tagged'
railties (5.1.4) lib/rails/rack/logger.rb:24:in `call'
sprockets-rails (3.2.1) lib/sprockets/rails/quiet_assets.rb:13:in `call'
actionpack (5.1.4) lib/action_dispatch/middleware/remote_ip.rb:79:in `call'
actionpack (5.1.4) lib/action_dispatch/middleware/request_id.rb:25:in `call'
rack (2.0.3) lib/rack/method_override.rb:22:in `call'
rack (2.0.3) lib/rack/runtime.rb:22:in `call'
activesupport (5.1.4) lib/active_support/cache/strategy/local_cache_middleware.rb:27:in `call'
actionpack (5.1.4) lib/action_dispatch/middleware/executor.rb:12:in `call'
actionpack (5.1.4) lib/action_dispatch/middleware/static.rb:125:in `call'
rack (2.0.3) lib/rack/sendfile.rb:111:in `call'
railties (5.1.4) lib/rails/engine.rb:522:in `call'
puma (3.10.0) lib/puma/configuration.rb:225:in `call'
puma (3.10.0) lib/puma/server.rb:605:in `handle_request'
puma (3.10.0) lib/puma/server.rb:437:in `process_client'
puma (3.10.0) lib/puma/server.rb:301:in `block in run'
puma (3.10.0) lib/puma/thread_pool.rb:120:in `block in spawn_thread'
Started GET "/tests" for 127.0.0.1 at 2017-09-13 18:53:29 +0300
  
SyntaxError (/home/maxim/Documents/Test/app/controllers/tests_controller.rb:3: syntax error, unexpected ':', expecting keyword_end
    render: json {"pizda" : "pizda"}
           ^
/home/maxim/Documents/Test/app/controllers/tests_controller.rb:3: syntax error, unexpected ':', expecting '}'
    render: json {"pizda" : "pizda"}
                           ^):
  
app/controllers/tests_controller.rb:3: syntax error, unexpected ':', expecting keyword_end
app/controllers/tests_controller.rb:3: syntax error, unexpected ':', expecting '}'
Started GET "/tests" for 127.0.0.1 at 2017-09-13 18:54:16 +0300
Processing by TestsController#index as HTML
Completed 200 OK in 1ms (Views: 0.2ms)


Started GET "/tests" for 127.0.0.1 at 2017-09-13 19:08:40 +0300
Processing by TestsController#index as HTML
Completed 200 OK in 144ms (Views: 0.3ms)


Started GET "/swagger" for 127.0.0.1 at 2017-09-13 19:08:44 +0300
Processing by GrapeSwaggerRails::ApplicationController#index as HTML
  Rendering /var/lib/gems/2.3.0/gems/grape-swagger-rails-0.3.0/app/views/grape_swagger_rails/application/index.html.erb
  Rendered /var/lib/gems/2.3.0/gems/grape-swagger-rails-0.3.0/app/views/grape_swagger_rails/application/index.html.erb (509.2ms)
Completed 200 OK in 516ms (Views: 513.8ms)


Started GET "/public/api/v1/swagger_doc" for 127.0.0.1 at 2017-09-13 19:10:02 +0300
  
ActionController::RoutingError (No route matches [GET] "/public/api/v1/swagger_doc"):
  
actionpack (5.1.4) lib/action_dispatch/middleware/debug_exceptions.rb:63:in `call'
web-console (3.5.1) lib/web_console/middleware.rb:135:in `call_app'
web-console (3.5.1) lib/web_console/middleware.rb:28:in `block in call'
web-console (3.5.1) lib/web_console/middleware.rb:18:in `catch'
web-console (3.5.1) lib/web_console/middleware.rb:18:in `call'
actionpack (5.1.4) lib/action_dispatch/middleware/show_exceptions.rb:31:in `call'
railties (5.1.4) lib/rails/rack/logger.rb:36:in `call_app'
railties (5.1.4) lib/rails/rack/logger.rb:24:in `block in call'
activesupport (5.1.4) lib/active_support/tagged_logging.rb:69:in `block in tagged'
activesupport (5.1.4) lib/active_support/tagged_logging.rb:26:in `tagged'
activesupport (5.1.4) lib/active_support/tagged_logging.rb:69:in `tagged'
railties (5.1.4) lib/rails/rack/logger.rb:24:in `call'
sprockets-rails (3.2.1) lib/sprockets/rails/quiet_assets.rb:13:in `call'
actionpack (5.1.4) lib/action_dispatch/middleware/remote_ip.rb:79:in `call'
actionpack (5.1.4) lib/action_dispatch/middleware/request_id.rb:25:in `call'
rack (2.0.3) lib/rack/method_override.rb:22:in `call'
rack (2.0.3) lib/rack/runtime.rb:22:in `call'
activesupport (5.1.4) lib/active_support/cache/strategy/local_cache_middleware.rb:27:in `call'
actionpack (5.1.4) lib/action_dispatch/middleware/executor.rb:12:in `call'
actionpack (5.1.4) lib/action_dispatch/middleware/static.rb:125:in `call'
rack (2.0.3) lib/rack/sendfile.rb:111:in `call'
railties (5.1.4) lib/rails/engine.rb:522:in `call'
puma (3.10.0) lib/puma/configuration.rb:225:in `call'
puma (3.10.0) lib/puma/server.rb:605:in `handle_request'
puma (3.10.0) lib/puma/server.rb:437:in `process_client'
puma (3.10.0) lib/puma/server.rb:301:in `block in run'
puma (3.10.0) lib/puma/thread_pool.rb:120:in `block in spawn_thread'
Started GET "/public/api/v1/swagger_doc.json" for 127.0.0.1 at 2017-09-13 19:10:07 +0300
  
ActionController::RoutingError (No route matches [GET] "/public/api/v1/swagger_doc.json"):
  
actionpack (5.1.4) lib/action_dispatch/middleware/debug_exceptions.rb:63:in `call'
web-console (3.5.1) lib/web_console/middleware.rb:135:in `call_app'
web-console (3.5.1) lib/web_console/middleware.rb:28:in `block in call'
web-console (3.5.1) lib/web_console/middleware.rb:18:in `catch'
web-console (3.5.1) lib/web_console/middleware.rb:18:in `call'
actionpack (5.1.4) lib/action_dispatch/middleware/show_exceptions.rb:31:in `call'
railties (5.1.4) lib/rails/rack/logger.rb:36:in `call_app'
railties (5.1.4) lib/rails/rack/logger.rb:24:in `block in call'
activesupport (5.1.4) lib/active_support/tagged_logging.rb:69:in `block in tagged'
activesupport (5.1.4) lib/active_support/tagged_logging.rb:26:in `tagged'
activesupport (5.1.4) lib/active_support/tagged_logging.rb:69:in `tagged'
railties (5.1.4) lib/rails/rack/logger.rb:24:in `call'
sprockets-rails (3.2.1) lib/sprockets/rails/quiet_assets.rb:13:in `call'
actionpack (5.1.4) lib/action_dispatch/middleware/remote_ip.rb:79:in `call'
actionpack (5.1.4) lib/action_dispatch/middleware/request_id.rb:25:in `call'
rack (2.0.3) lib/rack/method_override.rb:22:in `call'
rack (2.0.3) lib/rack/runtime.rb:22:in `call'
activesupport (5.1.4) lib/active_support/cache/strategy/local_cache_middleware.rb:27:in `call'
actionpack (5.1.4) lib/action_dispatch/middleware/executor.rb:12:in `call'
actionpack (5.1.4) lib/action_dispatch/middleware/static.rb:125:in `call'
rack (2.0.3) lib/rack/sendfile.rb:111:in `call'
railties (5.1.4) lib/rails/engine.rb:522:in `call'
puma (3.10.0) lib/puma/configuration.rb:225:in `call'
puma (3.10.0) lib/puma/server.rb:605:in `handle_request'
puma (3.10.0) lib/puma/server.rb:437:in `process_client'
puma (3.10.0) lib/puma/server.rb:301:in `block in run'
puma (3.10.0) lib/puma/thread_pool.rb:120:in `block in spawn_thread'
Started GET "/public/api/v1/api-docs.json" for 127.0.0.1 at 2017-09-13 19:10:19 +0300
  
ActionController::RoutingError (No route matches [GET] "/public/api/v1/api-docs.json"):
  
actionpack (5.1.4) lib/action_dispatch/middleware/debug_exceptions.rb:63:in `call'
web-console (3.5.1) lib/web_console/middleware.rb:135:in `call_app'
web-console (3.5.1) lib/web_console/middleware.rb:28:in `block in call'
web-console (3.5.1) lib/web_console/middleware.rb:18:in `catch'
web-console (3.5.1) lib/web_console/middleware.rb:18:in `call'
actionpack (5.1.4) lib/action_dispatch/middleware/show_exceptions.rb:31:in `call'
railties (5.1.4) lib/rails/rack/logger.rb:36:in `call_app'
railties (5.1.4) lib/rails/rack/logger.rb:24:in `block in call'
activesupport (5.1.4) lib/active_support/tagged_logging.rb:69:in `block in tagged'
activesupport (5.1.4) lib/active_support/tagged_logging.rb:26:in `tagged'
activesupport (5.1.4) lib/active_support/tagged_logging.rb:69:in `tagged'
railties (5.1.4) lib/rails/rack/logger.rb:24:in `call'
sprockets-rails (3.2.1) lib/sprockets/rails/quiet_assets.rb:13:in `call'
actionpack (5.1.4) lib/action_dispatch/middleware/remote_ip.rb:79:in `call'
actionpack (5.1.4) lib/action_dispatch/middleware/request_id.rb:25:in `call'
rack (2.0.3) lib/rack/method_override.rb:22:in `call'
rack (2.0.3) lib/rack/runtime.rb:22:in `call'
activesupport (5.1.4) lib/active_support/cache/strategy/local_cache_middleware.rb:27:in `call'
actionpack (5.1.4) lib/action_dispatch/middleware/executor.rb:12:in `call'
actionpack (5.1.4) lib/action_dispatch/middleware/static.rb:125:in `call'
rack (2.0.3) lib/rack/sendfile.rb:111:in `call'
railties (5.1.4) lib/rails/engine.rb:522:in `call'
puma (3.10.0) lib/puma/configuration.rb:225:in `call'
puma (3.10.0) lib/puma/server.rb:605:in `handle_request'
puma (3.10.0) lib/puma/server.rb:437:in `process_client'
puma (3.10.0) lib/puma/server.rb:301:in `block in run'
puma (3.10.0) lib/puma/thread_pool.rb:120:in `block in spawn_thread'
Started GET "/public/api/v1/api-docs.json" for 127.0.0.1 at 2017-09-13 19:10:20 +0300
  
ActionController::RoutingError (No route matches [GET] "/public/api/v1/api-docs.json"):
  
actionpack (5.1.4) lib/action_dispatch/middleware/debug_exceptions.rb:63:in `call'
web-console (3.5.1) lib/web_console/middleware.rb:135:in `call_app'
web-console (3.5.1) lib/web_console/middleware.rb:28:in `block in call'
web-console (3.5.1) lib/web_console/middleware.rb:18:in `catch'
web-console (3.5.1) lib/web_console/middleware.rb:18:in `call'
actionpack (5.1.4) lib/action_dispatch/middleware/show_exceptions.rb:31:in `call'
railties (5.1.4) lib/rails/rack/logger.rb:36:in `call_app'
railties (5.1.4) lib/rails/rack/logger.rb:24:in `block in call'
activesupport (5.1.4) lib/active_support/tagged_logging.rb:69:in `block in tagged'
activesupport (5.1.4) lib/active_support/tagged_logging.rb:26:in `tagged'
activesupport (5.1.4) lib/active_support/tagged_logging.rb:69:in `tagged'
railties (5.1.4) lib/rails/rack/logger.rb:24:in `call'
sprockets-rails (3.2.1) lib/sprockets/rails/quiet_assets.rb:13:in `call'
actionpack (5.1.4) lib/action_dispatch/middleware/remote_ip.rb:79:in `call'
actionpack (5.1.4) lib/action_dispatch/middleware/request_id.rb:25:in `call'
rack (2.0.3) lib/rack/method_override.rb:22:in `call'
rack (2.0.3) lib/rack/runtime.rb:22:in `call'
activesupport (5.1.4) lib/active_support/cache/strategy/local_cache_middleware.rb:27:in `call'
actionpack (5.1.4) lib/action_dispatch/middleware/executor.rb:12:in `call'
actionpack (5.1.4) lib/action_dispatch/middleware/static.rb:125:in `call'
rack (2.0.3) lib/rack/sendfile.rb:111:in `call'
railties (5.1.4) lib/rails/engine.rb:522:in `call'
puma (3.10.0) lib/puma/configuration.rb:225:in `call'
puma (3.10.0) lib/puma/server.rb:605:in `handle_request'
puma (3.10.0) lib/puma/server.rb:437:in `process_client'
puma (3.10.0) lib/puma/server.rb:301:in `block in run'
puma (3.10.0) lib/puma/thread_pool.rb:120:in `block in spawn_thread'
Started GET "/public/api/v1/api-docs.json" for 127.0.0.1 at 2017-09-13 19:10:20 +0300
  
ActionController::RoutingError (No route matches [GET] "/public/api/v1/api-docs.json"):
  
actionpack (5.1.4) lib/action_dispatch/middleware/debug_exceptions.rb:63:in `call'
web-console (3.5.1) lib/web_console/middleware.rb:135:in `call_app'
web-console (3.5.1) lib/web_console/middleware.rb:28:in `block in call'
web-console (3.5.1) lib/web_console/middleware.rb:18:in `catch'
web-console (3.5.1) lib/web_console/middleware.rb:18:in `call'
actionpack (5.1.4) lib/action_dispatch/middleware/show_exceptions.rb:31:in `call'
railties (5.1.4) lib/rails/rack/logger.rb:36:in `call_app'
railties (5.1.4) lib/rails/rack/logger.rb:24:in `block in call'
activesupport (5.1.4) lib/active_support/tagged_logging.rb:69:in `block in tagged'
activesupport (5.1.4) lib/active_support/tagged_logging.rb:26:in `tagged'
activesupport (5.1.4) lib/active_support/tagged_logging.rb:69:in `tagged'
railties (5.1.4) lib/rails/rack/logger.rb:24:in `call'
sprockets-rails (3.2.1) lib/sprockets/rails/quiet_assets.rb:13:in `call'
actionpack (5.1.4) lib/action_dispatch/middleware/remote_ip.rb:79:in `call'
actionpack (5.1.4) lib/action_dispatch/middleware/request_id.rb:25:in `call'
rack (2.0.3) lib/rack/method_override.rb:22:in `call'
rack (2.0.3) lib/rack/runtime.rb:22:in `call'
activesupport (5.1.4) lib/active_support/cache/strategy/local_cache_middleware.rb:27:in `call'
actionpack (5.1.4) lib/action_dispatch/middleware/executor.rb:12:in `call'
actionpack (5.1.4) lib/action_dispatch/middleware/static.rb:125:in `call'
rack (2.0.3) lib/rack/sendfile.rb:111:in `call'
railties (5.1.4) lib/rails/engine.rb:522:in `call'
puma (3.10.0) lib/puma/configuration.rb:225:in `call'
puma (3.10.0) lib/puma/server.rb:605:in `handle_request'
puma (3.10.0) lib/puma/server.rb:437:in `process_client'
puma (3.10.0) lib/puma/server.rb:301:in `block in run'
puma (3.10.0) lib/puma/thread_pool.rb:120:in `block in spawn_thread'
Started GET "/public/api/v1/api-docs.json" for 127.0.0.1 at 2017-09-13 19:10:21 +0300
  
ActionController::RoutingError (No route matches [GET] "/public/api/v1/api-docs.json"):
  
actionpack (5.1.4) lib/action_dispatch/middleware/debug_exceptions.rb:63:in `call'
web-console (3.5.1) lib/web_console/middleware.rb:135:in `call_app'
web-console (3.5.1) lib/web_console/middleware.rb:28:in `block in call'
web-console (3.5.1) lib/web_console/middleware.rb:18:in `catch'
web-console (3.5.1) lib/web_console/middleware.rb:18:in `call'
actionpack (5.1.4) lib/action_dispatch/middleware/show_exceptions.rb:31:in `call'
railties (5.1.4) lib/rails/rack/logger.rb:36:in `call_app'
railties (5.1.4) lib/rails/rack/logger.rb:24:in `block in call'
activesupport (5.1.4) lib/active_support/tagged_logging.rb:69:in `block in tagged'
activesupport (5.1.4) lib/active_support/tagged_logging.rb:26:in `tagged'
activesupport (5.1.4) lib/active_support/tagged_logging.rb:69:in `tagged'
railties (5.1.4) lib/rails/rack/logger.rb:24:in `call'
sprockets-rails (3.2.1) lib/sprockets/rails/quiet_assets.rb:13:in `call'
actionpack (5.1.4) lib/action_dispatch/middleware/remote_ip.rb:79:in `call'
actionpack (5.1.4) lib/action_dispatch/middleware/request_id.rb:25:in `call'
rack (2.0.3) lib/rack/method_override.rb:22:in `call'
rack (2.0.3) lib/rack/runtime.rb:22:in `call'
activesupport (5.1.4) lib/active_support/cache/strategy/local_cache_middleware.rb:27:in `call'
actionpack (5.1.4) lib/action_dispatch/middleware/executor.rb:12:in `call'
actionpack (5.1.4) lib/action_dispatch/middleware/static.rb:125:in `call'
rack (2.0.3) lib/rack/sendfile.rb:111:in `call'
railties (5.1.4) lib/rails/engine.rb:522:in `call'
puma (3.10.0) lib/puma/configuration.rb:225:in `call'
puma (3.10.0) lib/puma/server.rb:605:in `handle_request'
puma (3.10.0) lib/puma/server.rb:437:in `process_client'
puma (3.10.0) lib/puma/server.rb:301:in `block in run'
puma (3.10.0) lib/puma/thread_pool.rb:120:in `block in spawn_thread'
Started GET "/public/api/v1/api-docs.json" for 127.0.0.1 at 2017-09-13 19:10:21 +0300
  
ActionController::RoutingError (No route matches [GET] "/public/api/v1/api-docs.json"):
  
actionpack (5.1.4) lib/action_dispatch/middleware/debug_exceptions.rb:63:in `call'
web-console (3.5.1) lib/web_console/middleware.rb:135:in `call_app'
web-console (3.5.1) lib/web_console/middleware.rb:28:in `block in call'
web-console (3.5.1) lib/web_console/middleware.rb:18:in `catch'
web-console (3.5.1) lib/web_console/middleware.rb:18:in `call'
actionpack (5.1.4) lib/action_dispatch/middleware/show_exceptions.rb:31:in `call'
railties (5.1.4) lib/rails/rack/logger.rb:36:in `call_app'
railties (5.1.4) lib/rails/rack/logger.rb:24:in `block in call'
activesupport (5.1.4) lib/active_support/tagged_logging.rb:69:in `block in tagged'
activesupport (5.1.4) lib/active_support/tagged_logging.rb:26:in `tagged'
activesupport (5.1.4) lib/active_support/tagged_logging.rb:69:in `tagged'
railties (5.1.4) lib/rails/rack/logger.rb:24:in `call'
sprockets-rails (3.2.1) lib/sprockets/rails/quiet_assets.rb:13:in `call'
actionpack (5.1.4) lib/action_dispatch/middleware/remote_ip.rb:79:in `call'
actionpack (5.1.4) lib/action_dispatch/middleware/request_id.rb:25:in `call'
rack (2.0.3) lib/rack/method_override.rb:22:in `call'
rack (2.0.3) lib/rack/runtime.rb:22:in `call'
activesupport (5.1.4) lib/active_support/cache/strategy/local_cache_middleware.rb:27:in `call'
actionpack (5.1.4) lib/action_dispatch/middleware/executor.rb:12:in `call'
actionpack (5.1.4) lib/action_dispatch/middleware/static.rb:125:in `call'
rack (2.0.3) lib/rack/sendfile.rb:111:in `call'
railties (5.1.4) lib/rails/engine.rb:522:in `call'
puma (3.10.0) lib/puma/configuration.rb:225:in `call'
puma (3.10.0) lib/puma/server.rb:605:in `handle_request'
puma (3.10.0) lib/puma/server.rb:437:in `process_client'
puma (3.10.0) lib/puma/server.rb:301:in `block in run'
puma (3.10.0) lib/puma/thread_pool.rb:120:in `block in spawn_thread'
Started GET "/public/api/v1/api-docs.json" for 127.0.0.1 at 2017-09-13 19:10:21 +0300
  
ActionController::RoutingError (No route matches [GET] "/public/api/v1/api-docs.json"):
  
actionpack (5.1.4) lib/action_dispatch/middleware/debug_exceptions.rb:63:in `call'
web-console (3.5.1) lib/web_console/middleware.rb:135:in `call_app'
web-console (3.5.1) lib/web_console/middleware.rb:28:in `block in call'
web-console (3.5.1) lib/web_console/middleware.rb:18:in `catch'
web-console (3.5.1) lib/web_console/middleware.rb:18:in `call'
actionpack (5.1.4) lib/action_dispatch/middleware/show_exceptions.rb:31:in `call'
railties (5.1.4) lib/rails/rack/logger.rb:36:in `call_app'
railties (5.1.4) lib/rails/rack/logger.rb:24:in `block in call'
activesupport (5.1.4) lib/active_support/tagged_logging.rb:69:in `block in tagged'
activesupport (5.1.4) lib/active_support/tagged_logging.rb:26:in `tagged'
activesupport (5.1.4) lib/active_support/tagged_logging.rb:69:in `tagged'
railties (5.1.4) lib/rails/rack/logger.rb:24:in `call'
sprockets-rails (3.2.1) lib/sprockets/rails/quiet_assets.rb:13:in `call'
actionpack (5.1.4) lib/action_dispatch/middleware/remote_ip.rb:79:in `call'
actionpack (5.1.4) lib/action_dispatch/middleware/request_id.rb:25:in `call'
rack (2.0.3) lib/rack/method_override.rb:22:in `call'
rack (2.0.3) lib/rack/runtime.rb:22:in `call'
activesupport (5.1.4) lib/active_support/cache/strategy/local_cache_middleware.rb:27:in `call'
actionpack (5.1.4) lib/action_dispatch/middleware/executor.rb:12:in `call'
actionpack (5.1.4) lib/action_dispatch/middleware/static.rb:125:in `call'
rack (2.0.3) lib/rack/sendfile.rb:111:in `call'
railties (5.1.4) lib/rails/engine.rb:522:in `call'
puma (3.10.0) lib/puma/configuration.rb:225:in `call'
puma (3.10.0) lib/puma/server.rb:605:in `handle_request'
puma (3.10.0) lib/puma/server.rb:437:in `process_client'
puma (3.10.0) lib/puma/server.rb:301:in `block in run'
puma (3.10.0) lib/puma/thread_pool.rb:120:in `block in spawn_thread'
Started GET "/public/api/v1/api-docs.json" for 127.0.0.1 at 2017-09-13 19:10:21 +0300
  
ActionController::RoutingError (No route matches [GET] "/public/api/v1/api-docs.json"):
  
actionpack (5.1.4) lib/action_dispatch/middleware/debug_exceptions.rb:63:in `call'
web-console (3.5.1) lib/web_console/middleware.rb:135:in `call_app'
web-console (3.5.1) lib/web_console/middleware.rb:28:in `block in call'
web-console (3.5.1) lib/web_console/middleware.rb:18:in `catch'
web-console (3.5.1) lib/web_console/middleware.rb:18:in `call'
actionpack (5.1.4) lib/action_dispatch/middleware/show_exceptions.rb:31:in `call'
railties (5.1.4) lib/rails/rack/logger.rb:36:in `call_app'
railties (5.1.4) lib/rails/rack/logger.rb:24:in `block in call'
activesupport (5.1.4) lib/active_support/tagged_logging.rb:69:in `block in tagged'
activesupport (5.1.4) lib/active_support/tagged_logging.rb:26:in `tagged'
activesupport (5.1.4) lib/active_support/tagged_logging.rb:69:in `tagged'
railties (5.1.4) lib/rails/rack/logger.rb:24:in `call'
sprockets-rails (3.2.1) lib/sprockets/rails/quiet_assets.rb:13:in `call'
actionpack (5.1.4) lib/action_dispatch/middleware/remote_ip.rb:79:in `call'
actionpack (5.1.4) lib/action_dispatch/middleware/request_id.rb:25:in `call'
rack (2.0.3) lib/rack/method_override.rb:22:in `call'
rack (2.0.3) lib/rack/runtime.rb:22:in `call'
activesupport (5.1.4) lib/active_support/cache/strategy/local_cache_middleware.rb:27:in `call'
actionpack (5.1.4) lib/action_dispatch/middleware/executor.rb:12:in `call'
actionpack (5.1.4) lib/action_dispatch/middleware/static.rb:125:in `call'
rack (2.0.3) lib/rack/sendfile.rb:111:in `call'
railties (5.1.4) lib/rails/engine.rb:522:in `call'
puma (3.10.0) lib/puma/configuration.rb:225:in `call'
puma (3.10.0) lib/puma/server.rb:605:in `handle_request'
puma (3.10.0) lib/puma/server.rb:437:in `process_client'
puma (3.10.0) lib/puma/server.rb:301:in `block in run'
puma (3.10.0) lib/puma/thread_pool.rb:120:in `block in spawn_thread'
Started GET "/public/api/v1/api-docs.json" for 127.0.0.1 at 2017-09-13 19:13:59 +0300
  
ActionController::RoutingError (No route matches [GET] "/public/api/v1/api-docs.json"):
  
actionpack (5.1.4) lib/action_dispatch/middleware/debug_exceptions.rb:63:in `call'
web-console (3.5.1) lib/web_console/middleware.rb:135:in `call_app'
web-console (3.5.1) lib/web_console/middleware.rb:28:in `block in call'
web-console (3.5.1) lib/web_console/middleware.rb:18:in `catch'
web-console (3.5.1) lib/web_console/middleware.rb:18:in `call'
actionpack (5.1.4) lib/action_dispatch/middleware/show_exceptions.rb:31:in `call'
railties (5.1.4) lib/rails/rack/logger.rb:36:in `call_app'
railties (5.1.4) lib/rails/rack/logger.rb:24:in `block in call'
activesupport (5.1.4) lib/active_support/tagged_logging.rb:69:in `block in tagged'
activesupport (5.1.4) lib/active_support/tagged_logging.rb:26:in `tagged'
activesupport (5.1.4) lib/active_support/tagged_logging.rb:69:in `tagged'
railties (5.1.4) lib/rails/rack/logger.rb:24:in `call'
sprockets-rails (3.2.1) lib/sprockets/rails/quiet_assets.rb:13:in `call'
actionpack (5.1.4) lib/action_dispatch/middleware/remote_ip.rb:79:in `call'
actionpack (5.1.4) lib/action_dispatch/middleware/request_id.rb:25:in `call'
rack (2.0.3) lib/rack/method_override.rb:22:in `call'
rack (2.0.3) lib/rack/runtime.rb:22:in `call'
activesupport (5.1.4) lib/active_support/cache/strategy/local_cache_middleware.rb:27:in `call'
actionpack (5.1.4) lib/action_dispatch/middleware/executor.rb:12:in `call'
actionpack (5.1.4) lib/action_dispatch/middleware/static.rb:125:in `call'
rack (2.0.3) lib/rack/sendfile.rb:111:in `call'
railties (5.1.4) lib/rails/engine.rb:522:in `call'
puma (3.10.0) lib/puma/configuration.rb:225:in `call'
puma (3.10.0) lib/puma/server.rb:605:in `handle_request'
puma (3.10.0) lib/puma/server.rb:437:in `process_client'
puma (3.10.0) lib/puma/server.rb:301:in `block in run'
puma (3.10.0) lib/puma/thread_pool.rb:120:in `block in spawn_thread'
Started GET "/public/api/v1/api-docs.json" for 127.0.0.1 at 2017-09-13 19:14:04 +0300
  
ActionController::RoutingError (No route matches [GET] "/public/api/v1/api-docs.json"):
  
actionpack (5.1.4) lib/action_dispatch/middleware/debug_exceptions.rb:63:in `call'
web-console (3.5.1) lib/web_console/middleware.rb:135:in `call_app'
web-console (3.5.1) lib/web_console/middleware.rb:28:in `block in call'
web-console (3.5.1) lib/web_console/middleware.rb:18:in `catch'
web-console (3.5.1) lib/web_console/middleware.rb:18:in `call'
actionpack (5.1.4) lib/action_dispatch/middleware/show_exceptions.rb:31:in `call'
railties (5.1.4) lib/rails/rack/logger.rb:36:in `call_app'
railties (5.1.4) lib/rails/rack/logger.rb:24:in `block in call'
activesupport (5.1.4) lib/active_support/tagged_logging.rb:69:in `block in tagged'
activesupport (5.1.4) lib/active_support/tagged_logging.rb:26:in `tagged'
activesupport (5.1.4) lib/active_support/tagged_logging.rb:69:in `tagged'
railties (5.1.4) lib/rails/rack/logger.rb:24:in `call'
sprockets-rails (3.2.1) lib/sprockets/rails/quiet_assets.rb:13:in `call'
actionpack (5.1.4) lib/action_dispatch/middleware/remote_ip.rb:79:in `call'
actionpack (5.1.4) lib/action_dispatch/middleware/request_id.rb:25:in `call'
rack (2.0.3) lib/rack/method_override.rb:22:in `call'
rack (2.0.3) lib/rack/runtime.rb:22:in `call'
activesupport (5.1.4) lib/active_support/cache/strategy/local_cache_middleware.rb:27:in `call'
actionpack (5.1.4) lib/action_dispatch/middleware/executor.rb:12:in `call'
actionpack (5.1.4) lib/action_dispatch/middleware/static.rb:125:in `call'
rack (2.0.3) lib/rack/sendfile.rb:111:in `call'
railties (5.1.4) lib/rails/engine.rb:522:in `call'
puma (3.10.0) lib/puma/configuration.rb:225:in `call'
puma (3.10.0) lib/puma/server.rb:605:in `handle_request'
puma (3.10.0) lib/puma/server.rb:437:in `process_client'
puma (3.10.0) lib/puma/server.rb:301:in `block in run'
puma (3.10.0) lib/puma/thread_pool.rb:120:in `block in spawn_thread'
Started GET "/swagger" for 127.0.0.1 at 2017-09-13 19:18:26 +0300
Processing by GrapeSwaggerRails::ApplicationController#index as HTML
  Rendering /var/lib/gems/2.3.0/gems/grape-swagger-rails-0.3.0/app/views/grape_swagger_rails/application/index.html.erb
  Rendered /var/lib/gems/2.3.0/gems/grape-swagger-rails-0.3.0/app/views/grape_swagger_rails/application/index.html.erb (226.3ms)
Completed 200 OK in 372ms (Views: 230.1ms)


Started GET "/swagger/localhost:3000swagger/api-docs.json" for 127.0.0.1 at 2017-09-13 19:18:27 +0300
  
ActionController::RoutingError (No route matches [GET] "/swagger/localhost:3000swagger/api-docs.json"):
  
actionpack (5.1.4) lib/action_dispatch/middleware/debug_exceptions.rb:63:in `call'
web-console (3.5.1) lib/web_console/middleware.rb:135:in `call_app'
web-console (3.5.1) lib/web_console/middleware.rb:28:in `block in call'
web-console (3.5.1) lib/web_console/middleware.rb:18:in `catch'
web-console (3.5.1) lib/web_console/middleware.rb:18:in `call'
actionpack (5.1.4) lib/action_dispatch/middleware/show_exceptions.rb:31:in `call'
railties (5.1.4) lib/rails/rack/logger.rb:36:in `call_app'
railties (5.1.4) lib/rails/rack/logger.rb:24:in `block in call'
activesupport (5.1.4) lib/active_support/tagged_logging.rb:69:in `block in tagged'
activesupport (5.1.4) lib/active_support/tagged_logging.rb:26:in `tagged'
activesupport (5.1.4) lib/active_support/tagged_logging.rb:69:in `tagged'
railties (5.1.4) lib/rails/rack/logger.rb:24:in `call'
sprockets-rails (3.2.1) lib/sprockets/rails/quiet_assets.rb:13:in `call'
actionpack (5.1.4) lib/action_dispatch/middleware/remote_ip.rb:79:in `call'
actionpack (5.1.4) lib/action_dispatch/middleware/request_id.rb:25:in `call'
rack (2.0.3) lib/rack/method_override.rb:22:in `call'
rack (2.0.3) lib/rack/runtime.rb:22:in `call'
activesupport (5.1.4) lib/active_support/cache/strategy/local_cache_middleware.rb:27:in `call'
actionpack (5.1.4) lib/action_dispatch/middleware/executor.rb:12:in `call'
actionpack (5.1.4) lib/action_dispatch/middleware/static.rb:125:in `call'
rack (2.0.3) lib/rack/sendfile.rb:111:in `call'
railties (5.1.4) lib/rails/engine.rb:522:in `call'
puma (3.10.0) lib/puma/configuration.rb:225:in `call'
puma (3.10.0) lib/puma/server.rb:605:in `handle_request'
puma (3.10.0) lib/puma/server.rb:437:in `process_client'
puma (3.10.0) lib/puma/server.rb:301:in `block in run'
puma (3.10.0) lib/puma/thread_pool.rb:120:in `block in spawn_thread'
Started GET "/swagger" for 127.0.0.1 at 2017-09-13 19:18:34 +0300
Processing by GrapeSwaggerRails::ApplicationController#index as HTML
  Rendering /var/lib/gems/2.3.0/gems/grape-swagger-rails-0.3.0/app/views/grape_swagger_rails/application/index.html.erb
  Rendered /var/lib/gems/2.3.0/gems/grape-swagger-rails-0.3.0/app/views/grape_swagger_rails/application/index.html.erb (32.0ms)
Completed 200 OK in 37ms (Views: 35.6ms)


Started GET "/swagger/localhost:3000swagger/api-docs.json" for 127.0.0.1 at 2017-09-13 19:18:34 +0300
  
ActionController::RoutingError (No route matches [GET] "/swagger/localhost:3000swagger/api-docs.json"):
  
actionpack (5.1.4) lib/action_dispatch/middleware/debug_exceptions.rb:63:in `call'
web-console (3.5.1) lib/web_console/middleware.rb:135:in `call_app'
web-console (3.5.1) lib/web_console/middleware.rb:28:in `block in call'
web-console (3.5.1) lib/web_console/middleware.rb:18:in `catch'
web-console (3.5.1) lib/web_console/middleware.rb:18:in `call'
actionpack (5.1.4) lib/action_dispatch/middleware/show_exceptions.rb:31:in `call'
railties (5.1.4) lib/rails/rack/logger.rb:36:in `call_app'
railties (5.1.4) lib/rails/rack/logger.rb:24:in `block in call'
activesupport (5.1.4) lib/active_support/tagged_logging.rb:69:in `block in tagged'
activesupport (5.1.4) lib/active_support/tagged_logging.rb:26:in `tagged'
activesupport (5.1.4) lib/active_support/tagged_logging.rb:69:in `tagged'
railties (5.1.4) lib/rails/rack/logger.rb:24:in `call'
sprockets-rails (3.2.1) lib/sprockets/rails/quiet_assets.rb:13:in `call'
actionpack (5.1.4) lib/action_dispatch/middleware/remote_ip.rb:79:in `call'
actionpack (5.1.4) lib/action_dispatch/middleware/request_id.rb:25:in `call'
rack (2.0.3) lib/rack/method_override.rb:22:in `call'
rack (2.0.3) lib/rack/runtime.rb:22:in `call'
activesupport (5.1.4) lib/active_support/cache/strategy/local_cache_middleware.rb:27:in `call'
actionpack (5.1.4) lib/action_dispatch/middleware/executor.rb:12:in `call'
actionpack (5.1.4) lib/action_dispatch/middleware/static.rb:125:in `call'
rack (2.0.3) lib/rack/sendfile.rb:111:in `call'
railties (5.1.4) lib/rails/engine.rb:522:in `call'
puma (3.10.0) lib/puma/configuration.rb:225:in `call'
puma (3.10.0) lib/puma/server.rb:605:in `handle_request'
puma (3.10.0) lib/puma/server.rb:437:in `process_client'
puma (3.10.0) lib/puma/server.rb:301:in `block in run'
puma (3.10.0) lib/puma/thread_pool.rb:120:in `block in spawn_thread'
Started GET "/swagger" for 192.168.2.97 at 2017-09-13 19:20:40 +0300
Cannot render console from 192.168.2.97! Allowed networks: 127.0.0.1, ::1, 127.0.0.0/127.255.255.255
Processing by GrapeSwaggerRails::ApplicationController#index as HTML
  Rendering /var/lib/gems/2.3.0/gems/grape-swagger-rails-0.3.0/app/views/grape_swagger_rails/application/index.html.erb
  Rendered /var/lib/gems/2.3.0/gems/grape-swagger-rails-0.3.0/app/views/grape_swagger_rails/application/index.html.erb (218.0ms)
Completed 200 OK in 355ms (Views: 221.7ms)


Started GET "/tests.json" for 192.168.2.97 at 2017-09-13 19:20:41 +0300
Cannot render console from 192.168.2.97! Allowed networks: 127.0.0.1, ::1, 127.0.0.0/127.255.255.255
Processing by TestsController#index as JSON
Completed 200 OK in 1ms (Views: 0.3ms)


Started GET "/swagger" for 192.168.2.97 at 2017-09-13 19:20:55 +0300
Cannot render console from 192.168.2.97! Allowed networks: 127.0.0.1, ::1, 127.0.0.0/127.255.255.255
Processing by GrapeSwaggerRails::ApplicationController#index as HTML
  Rendering /var/lib/gems/2.3.0/gems/grape-swagger-rails-0.3.0/app/views/grape_swagger_rails/application/index.html.erb
  Rendered /var/lib/gems/2.3.0/gems/grape-swagger-rails-0.3.0/app/views/grape_swagger_rails/application/index.html.erb (23.5ms)
Completed 200 OK in 29ms (Views: 26.8ms)


Started GET "/tests.json" for 192.168.2.97 at 2017-09-13 19:20:55 +0300
Cannot render console from 192.168.2.97! Allowed networks: 127.0.0.1, ::1, 127.0.0.0/127.255.255.255
Processing by TestsController#index as JSON
Completed 200 OK in 0ms (Views: 0.2ms)


Started GET "/swagger" for 192.168.2.97 at 2017-09-13 19:23:10 +0300
Cannot render console from 192.168.2.97! Allowed networks: 127.0.0.1, ::1, 127.0.0.0/127.255.255.255
Processing by GrapeSwaggerRails::ApplicationController#index as HTML
  Rendering /var/lib/gems/2.3.0/gems/grape-swagger-rails-0.3.0/app/views/grape_swagger_rails/application/index.html.erb
  Rendered /var/lib/gems/2.3.0/gems/grape-swagger-rails-0.3.0/app/views/grape_swagger_rails/application/index.html.erb (210.7ms)
Completed 200 OK in 343ms (Views: 214.3ms)


Started GET "/tests.json" for 192.168.2.97 at 2017-09-13 19:23:11 +0300
Cannot render console from 192.168.2.97! Allowed networks: 127.0.0.1, ::1, 127.0.0.0/127.255.255.255
Processing by TestsController#index as JSON
Completed 200 OK in 1ms (Views: 0.3ms)


Started GET "/swagger" for 192.168.2.97 at 2017-09-13 19:24:08 +0300
Cannot render console from 192.168.2.97! Allowed networks: 127.0.0.1, ::1, 127.0.0.0/127.255.255.255
Processing by GrapeSwaggerRails::ApplicationController#index as HTML
  Rendering /var/lib/gems/2.3.0/gems/grape-swagger-rails-0.3.0/app/views/grape_swagger_rails/application/index.html.erb
  Rendered /var/lib/gems/2.3.0/gems/grape-swagger-rails-0.3.0/app/views/grape_swagger_rails/application/index.html.erb (26.4ms)
Completed 200 OK in 31ms (Views: 30.1ms)


Started GET "/tests.json" for 192.168.2.97 at 2017-09-13 19:24:08 +0300
Cannot render console from 192.168.2.97! Allowed networks: 127.0.0.1, ::1, 127.0.0.0/127.255.255.255
Processing by TestsController#index as JSON
Completed 200 OK in 1ms (Views: 0.3ms)


Started GET "/swagger" for 192.168.2.97 at 2017-09-13 19:24:10 +0300
Cannot render console from 192.168.2.97! Allowed networks: 127.0.0.1, ::1, 127.0.0.0/127.255.255.255
Processing by GrapeSwaggerRails::ApplicationController#index as HTML
  Rendering /var/lib/gems/2.3.0/gems/grape-swagger-rails-0.3.0/app/views/grape_swagger_rails/application/index.html.erb
  Rendered /var/lib/gems/2.3.0/gems/grape-swagger-rails-0.3.0/app/views/grape_swagger_rails/application/index.html.erb (24.3ms)
Completed 200 OK in 30ms (Views: 27.9ms)


Started GET "/tests.json" for 192.168.2.97 at 2017-09-13 19:24:10 +0300
Cannot render console from 192.168.2.97! Allowed networks: 127.0.0.1, ::1, 127.0.0.0/127.255.255.255
Processing by TestsController#index as JSON
Completed 200 OK in 0ms (Views: 0.1ms)


Started GET "/swagger" for 192.168.2.97 at 2017-09-13 19:24:11 +0300
Cannot render console from 192.168.2.97! Allowed networks: 127.0.0.1, ::1, 127.0.0.0/127.255.255.255
Processing by GrapeSwaggerRails::ApplicationController#index as HTML
  Rendering /var/lib/gems/2.3.0/gems/grape-swagger-rails-0.3.0/app/views/grape_swagger_rails/application/index.html.erb
  Rendered /var/lib/gems/2.3.0/gems/grape-swagger-rails-0.3.0/app/views/grape_swagger_rails/application/index.html.erb (23.5ms)
Completed 200 OK in 28ms (Views: 26.8ms)


Started GET "/tests.json" for 192.168.2.97 at 2017-09-13 19:24:11 +0300
Cannot render console from 192.168.2.97! Allowed networks: 127.0.0.1, ::1, 127.0.0.0/127.255.255.255
Processing by TestsController#index as JSON
Completed 200 OK in 0ms (Views: 0.1ms)


Started GET "/swagger" for 192.168.2.97 at 2017-09-13 19:24:12 +0300
Cannot render console from 192.168.2.97! Allowed networks: 127.0.0.1, ::1, 127.0.0.0/127.255.255.255
Processing by GrapeSwaggerRails::ApplicationController#index as HTML
  Rendering /var/lib/gems/2.3.0/gems/grape-swagger-rails-0.3.0/app/views/grape_swagger_rails/application/index.html.erb
  Rendered /var/lib/gems/2.3.0/gems/grape-swagger-rails-0.3.0/app/views/grape_swagger_rails/application/index.html.erb (25.5ms)
Completed 200 OK in 30ms (Views: 28.4ms)


Started GET "/tests.json" for 192.168.2.97 at 2017-09-13 19:24:12 +0300
Cannot render console from 192.168.2.97! Allowed networks: 127.0.0.1, ::1, 127.0.0.0/127.255.255.255
Processing by TestsController#index as JSON
Completed 200 OK in 0ms (Views: 0.1ms)


Started GET "/swagger" for 192.168.2.97 at 2017-09-13 19:24:30 +0300
Cannot render console from 192.168.2.97! Allowed networks: 127.0.0.1, ::1, 127.0.0.0/127.255.255.255
Processing by GrapeSwaggerRails::ApplicationController#index as HTML
  Rendering /var/lib/gems/2.3.0/gems/grape-swagger-rails-0.3.0/app/views/grape_swagger_rails/application/index.html.erb
  Rendered /var/lib/gems/2.3.0/gems/grape-swagger-rails-0.3.0/app/views/grape_swagger_rails/application/index.html.erb (25.6ms)
Completed 200 OK in 31ms (Views: 29.0ms)


Started GET "/tests.json" for 192.168.2.97 at 2017-09-13 19:24:31 +0300
Cannot render console from 192.168.2.97! Allowed networks: 127.0.0.1, ::1, 127.0.0.0/127.255.255.255
Processing by TestsController#index as JSON
Completed 200 OK in 1ms (Views: 0.3ms)


Started GET "/swagger" for 192.168.2.97 at 2017-09-13 19:27:58 +0300
Cannot render console from 192.168.2.97! Allowed networks: 127.0.0.1, ::1, 127.0.0.0/127.255.255.255
Processing by GrapeSwaggerRails::ApplicationController#index as HTML
  Rendering /var/lib/gems/2.3.0/gems/grape-swagger-rails-0.3.0/app/views/grape_swagger_rails/application/index.html.erb
  Rendered /var/lib/gems/2.3.0/gems/grape-swagger-rails-0.3.0/app/views/grape_swagger_rails/application/index.html.erb (51.6ms)
Completed 200 OK in 57ms (Views: 55.1ms)


Started GET "/tests.json" for 192.168.2.97 at 2017-09-13 19:27:58 +0300
Cannot render console from 192.168.2.97! Allowed networks: 127.0.0.1, ::1, 127.0.0.0/127.255.255.255
Processing by TestsController#index as JSON
Completed 200 OK in 0ms (Views: 0.1ms)


Started GET "/swagger" for 192.168.2.97 at 2017-09-13 19:30:39 +0300
Cannot render console from 192.168.2.97! Allowed networks: 127.0.0.1, ::1, 127.0.0.0/127.255.255.255
Processing by GrapeSwaggerRails::ApplicationController#index as HTML
  Rendering /var/lib/gems/2.3.0/gems/grape-swagger-rails-0.3.0/app/views/grape_swagger_rails/application/index.html.erb
  Rendered /var/lib/gems/2.3.0/gems/grape-swagger-rails-0.3.0/app/views/grape_swagger_rails/application/index.html.erb (25.7ms)
Completed 200 OK in 32ms (Views: 29.3ms)


Started GET "/tests.json" for 192.168.2.97 at 2017-09-13 19:30:39 +0300
Cannot render console from 192.168.2.97! Allowed networks: 127.0.0.1, ::1, 127.0.0.0/127.255.255.255
Processing by TestsController#index as JSON
Completed 200 OK in 0ms (Views: 0.1ms)


Started GET "/swagger" for 192.168.2.97 at 2017-09-13 19:30:41 +0300
Cannot render console from 192.168.2.97! Allowed networks: 127.0.0.1, ::1, 127.0.0.0/127.255.255.255
Processing by GrapeSwaggerRails::ApplicationController#index as HTML
  Rendering /var/lib/gems/2.3.0/gems/grape-swagger-rails-0.3.0/app/views/grape_swagger_rails/application/index.html.erb
  Rendered /var/lib/gems/2.3.0/gems/grape-swagger-rails-0.3.0/app/views/grape_swagger_rails/application/index.html.erb (35.3ms)
Completed 200 OK in 40ms (Views: 38.4ms)


Started GET "/tests.json" for 192.168.2.97 at 2017-09-13 19:30:41 +0300
Cannot render console from 192.168.2.97! Allowed networks: 127.0.0.1, ::1, 127.0.0.0/127.255.255.255
Processing by TestsController#index as JSON
Completed 200 OK in 1ms (Views: 0.2ms)


Started GET "/swagger" for 192.168.2.97 at 2017-09-13 19:30:43 +0300
Cannot render console from 192.168.2.97! Allowed networks: 127.0.0.1, ::1, 127.0.0.0/127.255.255.255
Processing by GrapeSwaggerRails::ApplicationController#index as HTML
  Rendering /var/lib/gems/2.3.0/gems/grape-swagger-rails-0.3.0/app/views/grape_swagger_rails/application/index.html.erb
  Rendered /var/lib/gems/2.3.0/gems/grape-swagger-rails-0.3.0/app/views/grape_swagger_rails/application/index.html.erb (37.0ms)
Completed 200 OK in 43ms (Views: 40.5ms)


Started GET "/tests.json" for 192.168.2.97 at 2017-09-13 19:30:43 +0300
Cannot render console from 192.168.2.97! Allowed networks: 127.0.0.1, ::1, 127.0.0.0/127.255.255.255
Processing by TestsController#index as JSON
Completed 200 OK in 1ms (Views: 0.6ms)


Started GET "/swagger" for 192.168.2.97 at 2017-09-13 19:31:53 +0300
Cannot render console from 192.168.2.97! Allowed networks: 127.0.0.1, ::1, 127.0.0.0/127.255.255.255
Processing by GrapeSwaggerRails::ApplicationController#index as HTML
  Rendering /var/lib/gems/2.3.0/gems/grape-swagger-rails-0.3.0/app/views/grape_swagger_rails/application/index.html.erb
  Rendered /var/lib/gems/2.3.0/gems/grape-swagger-rails-0.3.0/app/views/grape_swagger_rails/application/index.html.erb (225.3ms)
Completed 200 OK in 371ms (Views: 231.4ms)


Started GET "/tests.json" for 192.168.2.97 at 2017-09-13 19:31:54 +0300
Cannot render console from 192.168.2.97! Allowed networks: 127.0.0.1, ::1, 127.0.0.0/127.255.255.255
Processing by TestsController#index as JSON
Completed 200 OK in 0ms (Views: 0.2ms)


Started GET "/swagger" for 192.168.2.97 at 2017-09-13 19:32:20 +0300
Cannot render console from 192.168.2.97! Allowed networks: 127.0.0.1, ::1, 127.0.0.0/127.255.255.255
Processing by GrapeSwaggerRails::ApplicationController#index as HTML
  Rendering /var/lib/gems/2.3.0/gems/grape-swagger-rails-0.3.0/app/views/grape_swagger_rails/application/index.html.erb
  Rendered /var/lib/gems/2.3.0/gems/grape-swagger-rails-0.3.0/app/views/grape_swagger_rails/application/index.html.erb (20.8ms)
Completed 200 OK in 26ms (Views: 23.4ms)


Started GET "/tests.json" for 192.168.2.97 at 2017-09-13 19:32:20 +0300
Cannot render console from 192.168.2.97! Allowed networks: 127.0.0.1, ::1, 127.0.0.0/127.255.255.255
Processing by TestsController#index as JSON
Completed 200 OK in 1ms (Views: 0.3ms)


Started GET "/swagger" for 192.168.2.97 at 2017-09-14 10:45:38 +0300
Cannot render console from 192.168.2.97! Allowed networks: 127.0.0.1, ::1, 127.0.0.0/127.255.255.255
Processing by GrapeSwaggerRails::ApplicationController#index as HTML
  Rendering /var/lib/gems/2.3.0/gems/grape-swagger-rails-0.3.0/app/views/grape_swagger_rails/application/index.html.erb
  Rendered /var/lib/gems/2.3.0/gems/grape-swagger-rails-0.3.0/app/views/grape_swagger_rails/application/index.html.erb (259.5ms)
Completed 200 OK in 440ms (Views: 264.3ms)


Started GET "/tests.json" for 192.168.2.97 at 2017-09-14 10:45:39 +0300
Cannot render console from 192.168.2.97! Allowed networks: 127.0.0.1, ::1, 127.0.0.0/127.255.255.255
Processing by TestsController#index as JSON
Completed 200 OK in 1ms (Views: 0.2ms)


Started GET "/swagger" for 192.168.2.97 at 2017-09-14 10:50:15 +0300
Cannot render console from 192.168.2.97! Allowed networks: 127.0.0.1, ::1, 127.0.0.0/127.255.255.255
Processing by GrapeSwaggerRails::ApplicationController#index as HTML
  Rendering /var/lib/gems/2.3.0/gems/grape-swagger-rails-0.3.0/app/views/grape_swagger_rails/application/index.html.erb
  Rendered /var/lib/gems/2.3.0/gems/grape-swagger-rails-0.3.0/app/views/grape_swagger_rails/application/index.html.erb (25.1ms)
Completed 200 OK in 30ms (Views: 28.7ms)


Started GET "/tests.json" for 192.168.2.97 at 2017-09-14 10:50:15 +0300
Cannot render console from 192.168.2.97! Allowed networks: 127.0.0.1, ::1, 127.0.0.0/127.255.255.255
Processing by TestsController#index as JSON
Completed 200 OK in 1ms (Views: 0.2ms)


Started GET "/" for 192.168.2.97 at 2017-09-14 10:51:17 +0300
Cannot render console from 192.168.2.97! Allowed networks: 127.0.0.1, ::1, 127.0.0.0/127.255.255.255
Processing by Rails::WelcomeController#index as HTML
  Rendering /var/lib/gems/2.3.0/gems/railties-5.1.4/lib/rails/templates/rails/welcome/index.html.erb
  Rendered /var/lib/gems/2.3.0/gems/railties-5.1.4/lib/rails/templates/rails/welcome/index.html.erb (2.9ms)
Completed 200 OK in 6ms (Views: 4.2ms)


Started GET "/swagger" for 192.168.2.97 at 2017-09-14 10:51:18 +0300
Cannot render console from 192.168.2.97! Allowed networks: 127.0.0.1, ::1, 127.0.0.0/127.255.255.255
Processing by GrapeSwaggerRails::ApplicationController#index as HTML
  Rendering /var/lib/gems/2.3.0/gems/grape-swagger-rails-0.3.0/app/views/grape_swagger_rails/application/index.html.erb
  Rendered /var/lib/gems/2.3.0/gems/grape-swagger-rails-0.3.0/app/views/grape_swagger_rails/application/index.html.erb (27.2ms)
Completed 200 OK in 32ms (Views: 30.1ms)


Started GET "/tests.json" for 192.168.2.97 at 2017-09-14 10:51:19 +0300
Cannot render console from 192.168.2.97! Allowed networks: 127.0.0.1, ::1, 127.0.0.0/127.255.255.255
Processing by TestsController#index as JSON
Completed 200 OK in 1ms (Views: 0.2ms)


Started GET "/swagger" for 192.168.2.97 at 2017-09-14 10:58:32 +0300
Cannot render console from 192.168.2.97! Allowed networks: 127.0.0.1, ::1, 127.0.0.0/127.255.255.255
Processing by GrapeSwaggerRails::ApplicationController#index as HTML
  Rendering /var/lib/gems/2.3.0/gems/grape-swagger-rails-0.3.0/app/views/grape_swagger_rails/application/index.html.erb
  Rendered /var/lib/gems/2.3.0/gems/grape-swagger-rails-0.3.0/app/views/grape_swagger_rails/application/index.html.erb (210.2ms)
Completed 200 OK in 351ms (Views: 213.7ms)


Started GET "/tests.json" for 192.168.2.97 at 2017-09-14 10:58:32 +0300
Cannot render console from 192.168.2.97! Allowed networks: 127.0.0.1, ::1, 127.0.0.0/127.255.255.255
Processing by TestsController#index as JSON
Completed 200 OK in 1ms (Views: 0.2ms)


Started GET "/swagger" for 192.168.2.97 at 2017-09-14 10:59:22 +0300
Cannot render console from 192.168.2.97! Allowed networks: 127.0.0.1, ::1, 127.0.0.0/127.255.255.255
Processing by GrapeSwaggerRails::ApplicationController#index as HTML
  Rendering /var/lib/gems/2.3.0/gems/grape-swagger-rails-0.3.0/app/views/grape_swagger_rails/application/index.html.erb
  Rendered /var/lib/gems/2.3.0/gems/grape-swagger-rails-0.3.0/app/views/grape_swagger_rails/application/index.html.erb (213.4ms)
Completed 200 OK in 344ms (Views: 217.0ms)


Started GET "/tests.json" for 192.168.2.97 at 2017-09-14 10:59:22 +0300
Cannot render console from 192.168.2.97! Allowed networks: 127.0.0.1, ::1, 127.0.0.0/127.255.255.255
Processing by TestsController#index as JSON
Completed 200 OK in 1ms (Views: 0.4ms)


Started GET "/public/swagger/api-docs.json" for 192.168.2.97 at 2017-09-14 11:00:14 +0300
Cannot render console from 192.168.2.97! Allowed networks: 127.0.0.1, ::1, 127.0.0.0/127.255.255.255
  
ActionController::RoutingError (No route matches [GET] "/public/swagger/api-docs.json"):
  
actionpack (5.1.4) lib/action_dispatch/middleware/debug_exceptions.rb:63:in `call'
web-console (3.5.1) lib/web_console/middleware.rb:135:in `call_app'
web-console (3.5.1) lib/web_console/middleware.rb:20:in `block in call'
web-console (3.5.1) lib/web_console/middleware.rb:18:in `catch'
web-console (3.5.1) lib/web_console/middleware.rb:18:in `call'
actionpack (5.1.4) lib/action_dispatch/middleware/show_exceptions.rb:31:in `call'
railties (5.1.4) lib/rails/rack/logger.rb:36:in `call_app'
railties (5.1.4) lib/rails/rack/logger.rb:24:in `block in call'
activesupport (5.1.4) lib/active_support/tagged_logging.rb:69:in `block in tagged'
activesupport (5.1.4) lib/active_support/tagged_logging.rb:26:in `tagged'
activesupport (5.1.4) lib/active_support/tagged_logging.rb:69:in `tagged'
railties (5.1.4) lib/rails/rack/logger.rb:24:in `call'
sprockets-rails (3.2.1) lib/sprockets/rails/quiet_assets.rb:13:in `call'
actionpack (5.1.4) lib/action_dispatch/middleware/remote_ip.rb:79:in `call'
actionpack (5.1.4) lib/action_dispatch/middleware/request_id.rb:25:in `call'
rack (2.0.3) lib/rack/method_override.rb:22:in `call'
rack (2.0.3) lib/rack/runtime.rb:22:in `call'
activesupport (5.1.4) lib/active_support/cache/strategy/local_cache_middleware.rb:27:in `call'
actionpack (5.1.4) lib/action_dispatch/middleware/executor.rb:12:in `call'
actionpack (5.1.4) lib/action_dispatch/middleware/static.rb:125:in `call'
rack (2.0.3) lib/rack/sendfile.rb:111:in `call'
railties (5.1.4) lib/rails/engine.rb:522:in `call'
puma (3.10.0) lib/puma/configuration.rb:225:in `call'
puma (3.10.0) lib/puma/server.rb:605:in `handle_request'
puma (3.10.0) lib/puma/server.rb:437:in `process_client'
puma (3.10.0) lib/puma/server.rb:301:in `block in run'
puma (3.10.0) lib/puma/thread_pool.rb:120:in `block in spawn_thread'
Started GET "/tests.json" for 192.168.2.97 at 2017-09-14 11:00:20 +0300
Cannot render console from 192.168.2.97! Allowed networks: 127.0.0.1, ::1, 127.0.0.0/127.255.255.255
Processing by TestsController#index as JSON
Completed 200 OK in 1ms (Views: 0.3ms)


Started GET "/api" for 192.168.2.97 at 2017-09-14 12:10:58 +0300
Cannot render console from 192.168.2.97! Allowed networks: 127.0.0.1, ::1, 127.0.0.0/127.255.255.255
  
ActionController::RoutingError (No route matches [GET] "/api"):
  
actionpack (5.1.4) lib/action_dispatch/middleware/debug_exceptions.rb:63:in `call'
web-console (3.5.1) lib/web_console/middleware.rb:135:in `call_app'
web-console (3.5.1) lib/web_console/middleware.rb:20:in `block in call'
web-console (3.5.1) lib/web_console/middleware.rb:18:in `catch'
web-console (3.5.1) lib/web_console/middleware.rb:18:in `call'
actionpack (5.1.4) lib/action_dispatch/middleware/show_exceptions.rb:31:in `call'
railties (5.1.4) lib/rails/rack/logger.rb:36:in `call_app'
railties (5.1.4) lib/rails/rack/logger.rb:24:in `block in call'
activesupport (5.1.4) lib/active_support/tagged_logging.rb:69:in `block in tagged'
activesupport (5.1.4) lib/active_support/tagged_logging.rb:26:in `tagged'
activesupport (5.1.4) lib/active_support/tagged_logging.rb:69:in `tagged'
railties (5.1.4) lib/rails/rack/logger.rb:24:in `call'
sprockets-rails (3.2.1) lib/sprockets/rails/quiet_assets.rb:13:in `call'
actionpack (5.1.4) lib/action_dispatch/middleware/remote_ip.rb:79:in `call'
actionpack (5.1.4) lib/action_dispatch/middleware/request_id.rb:25:in `call'
rack (2.0.3) lib/rack/method_override.rb:22:in `call'
rack (2.0.3) lib/rack/runtime.rb:22:in `call'
activesupport (5.1.4) lib/active_support/cache/strategy/local_cache_middleware.rb:27:in `call'
actionpack (5.1.4) lib/action_dispatch/middleware/executor.rb:12:in `call'
actionpack (5.1.4) lib/action_dispatch/middleware/static.rb:125:in `call'
rack (2.0.3) lib/rack/sendfile.rb:111:in `call'
railties (5.1.4) lib/rails/engine.rb:522:in `call'
puma (3.10.0) lib/puma/configuration.rb:225:in `call'
puma (3.10.0) lib/puma/server.rb:605:in `handle_request'
puma (3.10.0) lib/puma/server.rb:437:in `process_client'
puma (3.10.0) lib/puma/server.rb:301:in `block in run'
puma (3.10.0) lib/puma/thread_pool.rb:120:in `block in spawn_thread'
